<?xml version="1.0" encoding="UTF-8"?>
<testng-results skipped="0" failed="0" ignored="0" total="1" passed="1">
  <reporter-output>
  </reporter-output>
  <suite name="AllTestsSuite" duration-ms="36958" started-at="2018-10-07T04:00:36Z" finished-at="2018-10-07T04:01:13Z">
    <groups>
    </groups>
    <test name="My First Selenium TestNG Test" duration-ms="36958" started-at="2018-10-07T04:00:36Z" finished-at="2018-10-07T04:01:13Z">
      <class name="FirstTest">
        <test-method status="PASS" signature="setupTest()[pri:0, instance:FirstTest@59fa1d9b]" name="setupTest" is-config="true" duration-ms="28540" started-at="2018-10-07T04:00:36Z" finished-at="2018-10-07T04:01:05Z">
          <reporter-output>
          </reporter-output>
        </test-method> <!-- setupTest -->
        <test-method status="PASS" signature="firstTest()[pri:0, instance:FirstTest@59fa1d9b]" name="firstTest" duration-ms="7713" started-at="2018-10-07T04:01:05Z" finished-at="2018-10-07T04:01:13Z">
          <reporter-output>
          </reporter-output>
        </test-method> <!-- firstTest -->
        <test-method status="PASS" signature="teardownTest()[pri:0, instance:FirstTest@59fa1d9b]" name="teardownTest" is-config="true" duration-ms="668" started-at="2018-10-07T04:01:13Z" finished-at="2018-10-07T04:01:13Z">
          <reporter-output>
          </reporter-output>
        </test-method> <!-- teardownTest -->
      </class> <!-- FirstTest -->
    </test> <!-- My First Selenium TestNG Test -->
  </suite> <!-- AllTestsSuite -->
</testng-results>
